[2025-05-01 18:35:24,579 ] 1025 httpx - INFO - HTTP Request: POST https://dagshub.com/login/oauth/middleman "HTTP/1.1 200 OK"
[2025-05-01 18:35:24,767 ] 1025 httpx - INFO - HTTP Request: POST https://dagshub.com/login/oauth/access_token "HTTP/1.1 200 OK"
[2025-05-01 18:35:24,962 ] 1025 httpx - INFO - HTTP Request: GET https://dagshub.com/api/v1/user "HTTP/1.1 200 OK"
[2025-05-01 18:35:24,970 ] 107 dagshub - INFO - Accessing as vinoadmehraa
[2025-05-01 18:35:25,192 ] 1025 httpx - INFO - HTTP Request: GET https://dagshub.com/api/v1/repos/vinoadmehraa/networksecurity "HTTP/1.1 200 OK"
[2025-05-01 18:35:25,323 ] 1025 httpx - INFO - HTTP Request: GET https://dagshub.com/api/v1/user "HTTP/1.1 200 OK"
[2025-05-01 18:35:25,326 ] 107 dagshub - INFO - Initialized MLflow to track repo "vinoadmehraa/networksecurity"
[2025-05-01 18:35:25,327 ] 107 dagshub - INFO - Repository vinoadmehraa/networksecurity initialized!
[2025-05-01 18:35:25,327 ] 21 root - INFO - Initiate the data ingestion
[2025-05-01 18:35:26,712 ] 64 root - INFO - Performed train test split on the dataframe
[2025-05-01 18:35:26,712 ] 66 root - INFO - Exited split_data_as_train_test method of Data_Ingestion class
[2025-05-01 18:35:26,712 ] 74 root - INFO - Exporting train and test file path.
[2025-05-01 18:35:26,791 ] 83 root - INFO - Exported train and test file path.
[2025-05-01 18:35:26,792 ] 23 root - INFO - Data Initiation Completed
[2025-05-01 18:35:26,801 ] 28 root - INFO - Initiate the data Validation
[2025-05-01 18:35:26,840 ] 32 root - INFO - Required number of columns:2
[2025-05-01 18:35:26,840 ] 33 root - INFO - Data frame has columns:31
[2025-05-01 18:35:26,840 ] 32 root - INFO - Required number of columns:2
[2025-05-01 18:35:26,840 ] 33 root - INFO - Data frame has columns:31
[2025-05-01 18:35:27,152 ] 30 root - INFO - data Validation Completed
[2025-05-01 18:35:27,153 ] 34 root - INFO - data Transformation started
[2025-05-01 18:35:27,153 ] 63 root - INFO - Entered initiate_data_transformation method of DataTransformation class
[2025-05-01 18:35:27,153 ] 65 root - INFO - Starting data transformation
[2025-05-01 18:35:27,214 ] 48 root - INFO - Entered get_data_trnasformer_object method of Trnasformation class
[2025-05-01 18:35:27,215 ] 53 root - INFO - Initialise KNNImputer with {'missing_values': nan, 'n_neighbors': 3, 'weights': 'uniform'}
[2025-05-01 18:35:27,234 ] 46 root - INFO - Entered the save_object method of MainUtils class
[2025-05-01 18:35:27,239 ] 50 root - INFO - Exited the save_object method of MainUtils class
[2025-05-01 18:35:27,239 ] 46 root - INFO - Entered the save_object method of MainUtils class
[2025-05-01 18:35:27,245 ] 50 root - INFO - Exited the save_object method of MainUtils class
[2025-05-01 18:35:27,249 ] 38 root - INFO - data Transformation completed
[2025-05-01 18:35:27,249 ] 40 root - INFO - Model Training sstared
